<?xml version="1.0" encoding="UTF-8"?>
<testsuite name="backend.controller.UserControllerTest" time="2.639" tests="34" errors="0" skipped="0" failures="0">
  <properties>
    <property name="idea.version" value="2017.3.5"/>
    <property name="java.runtime.name" value="Java(TM) SE Runtime Environment"/>
    <property name="sun.boot.library.path" value="C:\Program Files (x86)\Java\jdk1.8.0_152\jre\bin"/>
    <property name="java.vm.version" value="25.152-b16"/>
    <property name="java.vm.vendor" value="Oracle Corporation"/>
    <property name="maven.multiModuleProjectDirectory" value="C:\Users\USER\Desktop\DailyPulseMe\azure-Sprint2-last\DailyPulseMe\BackEnd-2"/>
    <property name="java.vendor.url" value="http://java.oracle.com/"/>
    <property name="path.separator" value=";"/>
    <property name="guice.disable.misplaced.annotation.check" value="true"/>
    <property name="java.vm.name" value="Java HotSpot(TM) Client VM"/>
    <property name="file.encoding.pkg" value="sun.io"/>
    <property name="user.script" value=""/>
    <property name="user.country" value="US"/>
    <property name="sun.java.launcher" value="SUN_STANDARD"/>
    <property name="sun.os.patch.level" value=""/>
    <property name="java.vm.specification.name" value="Java Virtual Machine Specification"/>
    <property name="user.dir" value="C:\Users\USER\Desktop\DailyPulseMe\azure-Sprint2-last\DailyPulseMe\BackEnd-2"/>
    <property name="java.runtime.version" value="1.8.0_152-b16"/>
    <property name="java.awt.graphicsenv" value="sun.awt.Win32GraphicsEnvironment"/>
    <property name="java.endorsed.dirs" value="C:\Program Files (x86)\Java\jdk1.8.0_152\jre\lib\endorsed"/>
    <property name="os.arch" value="x86"/>
    <property name="java.io.tmpdir" value="C:\Users\USER\AppData\Local\Temp\"/>
    <property name="line.separator" value="&#10;"/>
    <property name="java.vm.specification.vendor" value="Oracle Corporation"/>
    <property name="user.variant" value=""/>
    <property name="os.name" value="Windows 10"/>
    <property name="classworlds.conf" value="C:\Program Files\JetBrains\IntelliJ IDEA 2017.3\plugins\maven\lib\maven3\bin\m2.conf"/>
    <property name="sun.jnu.encoding" value="Cp1255"/>
    <property name="java.library.path" value="C:\Program Files (x86)\Java\jdk1.8.0_152\bin;C:\WINDOWS\Sun\Java\bin;C:\WINDOWS\system32;C:\WINDOWS;C:\ProgramData\Oracle\Java\javapath;C:\WINDOWS\system32;C:\WINDOWS;C:\WINDOWS\System32\Wbem;C:\WINDOWS\System32\WindowsPowerShell\v1.0\;C:\Program Files\Git\cmd;C:\Program Files\nodejs\;c:\Users\USER\AppData\Roaming\npm\;C:\Program Files\dotnet\;C:\Program Files\Microsoft SQL Server\130\Tools\Binn\;C:\Program Files\SourceGear\Common\DiffMerge\;C:\WINDOWS\System32\OpenSSH\;C:\Users\USER\AppData\Local\Programs\Python\Python37-32\Scripts\;C:\Users\USER\AppData\Local\Programs\Python\Python37-32\;C:\Users\USER\AppData\Local\Microsoft\WindowsApps;C:\Users\USER\AppData\Roaming\npm;C:\Users\USER\AppData\Local\Microsoft\WindowsApps;C:\Program Files (x86)\SSH Communications Security\SSH Secure Shell;;."/>
    <property name="java.specification.name" value="Java Platform API Specification"/>
    <property name="java.class.version" value="52.0"/>
    <property name="sun.management.compiler" value="HotSpot Client Compiler"/>
    <property name="os.version" value="10.0"/>
    <property name="user.home" value="C:\Users\USER"/>
    <property name="user.timezone" value="Asia/Jerusalem"/>
    <property name="java.awt.printerjob" value="sun.awt.windows.WPrinterJob"/>
    <property name="java.specification.version" value="1.8"/>
    <property name="file.encoding" value="UTF-8"/>
    <property name="user.name" value="USER"/>
    <property name="java.class.path" value="C:\Program Files\JetBrains\IntelliJ IDEA 2017.3\plugins\maven\lib\maven3\boot\plexus-classworlds-2.5.2.jar"/>
    <property name="java.vm.specification.version" value="1.8"/>
    <property name="sun.arch.data.model" value="32"/>
    <property name="java.home" value="C:\Program Files (x86)\Java\jdk1.8.0_152\jre"/>
    <property name="sun.java.command" value="org.codehaus.classworlds.Launcher -Didea.version=2017.3.5 package"/>
    <property name="java.specification.vendor" value="Oracle Corporation"/>
    <property name="user.language" value="en"/>
    <property name="awt.toolkit" value="sun.awt.windows.WToolkit"/>
    <property name="java.vm.info" value="mixed mode"/>
    <property name="java.version" value="1.8.0_152"/>
    <property name="java.ext.dirs" value="C:\Program Files (x86)\Java\jdk1.8.0_152\jre\lib\ext;C:\WINDOWS\Sun\Java\lib\ext"/>
    <property name="sun.boot.class.path" value="C:\Program Files (x86)\Java\jdk1.8.0_152\jre\lib\resources.jar;C:\Program Files (x86)\Java\jdk1.8.0_152\jre\lib\rt.jar;C:\Program Files (x86)\Java\jdk1.8.0_152\jre\lib\sunrsasign.jar;C:\Program Files (x86)\Java\jdk1.8.0_152\jre\lib\jsse.jar;C:\Program Files (x86)\Java\jdk1.8.0_152\jre\lib\jce.jar;C:\Program Files (x86)\Java\jdk1.8.0_152\jre\lib\charsets.jar;C:\Program Files (x86)\Java\jdk1.8.0_152\jre\lib\jfr.jar;C:\Program Files (x86)\Java\jdk1.8.0_152\jre\classes"/>
    <property name="java.vendor" value="Oracle Corporation"/>
    <property name="maven.home" value="C:\Program Files\JetBrains\IntelliJ IDEA 2017.3\plugins\maven\lib\maven3"/>
    <property name="file.separator" value="\"/>
    <property name="java.vendor.url.bug" value="http://bugreport.sun.com/bugreport/"/>
    <property name="sun.cpu.endian" value="little"/>
    <property name="sun.io.unicode.encoding" value="UnicodeLittle"/>
    <property name="sun.desktop" value="windows"/>
    <property name="sun.cpu.isalist" value="pentium_pro+mmx pentium_pro pentium+mmx pentium i486 i386 i86"/>
  </properties>
  <testcase name="isConnectedtoTest" classname="backend.controller.UserControllerTest" time="0.215"/>
  <testcase name="updateTokensFailedTest" classname="backend.controller.UserControllerTest" time="0.071"/>
  <testcase name="logInTestWithoutPermission" classname="backend.controller.UserControllerTest" time="0.026"/>
  <testcase name="loginTest" classname="backend.controller.UserControllerTest" time="0.024"/>
  <testcase name="succunsubscribeUserTest" classname="backend.controller.UserControllerTest" time="0.01"/>
  <testcase name="setGoogleFitBandTest" classname="backend.controller.UserControllerTest" time="0.009"/>
  <testcase name="signUpTest" classname="backend.controller.UserControllerTest" time="0.041"/>
  <testcase name="verifyAccessTokenTest" classname="backend.controller.UserControllerTest" time="0.757"/>
  <testcase name="updateTokensTest" classname="backend.controller.UserControllerTest" time="0.013"/>
  <testcase name="refreshAccessTokenTest" classname="backend.controller.UserControllerTest" time="0.418"/>
  <testcase name="getSubTest" classname="backend.controller.UserControllerTest" time="0.01"/>
  <testcase name="sendEmailsTest" classname="backend.controller.UserControllerTest" time="0.019"/>
  <testcase name="getAllEventsTest" classname="backend.controller.UserControllerTest" time="0.008"/>
  <testcase name="subscribeUserTest" classname="backend.controller.UserControllerTest" time="0.012"/>
  <testcase name="getNameTest" classname="backend.controller.UserControllerTest" time="0.013"/>
  <testcase name="succsubscribeUserTest" classname="backend.controller.UserControllerTest" time="0.011"/>
  <testcase name="addEventTest" classname="backend.controller.UserControllerTest" time="0.018"/>
  <testcase name="setFitbitBandTest" classname="backend.controller.UserControllerTest" time="0.01"/>
  <testcase name="getActiveBandTest" classname="backend.controller.UserControllerTest" time="0.01"/>
  <testcase name="getOutlookTokenTest" classname="backend.controller.UserControllerTest" time="0.009"/>
  <testcase name="getEventTest" classname="backend.controller.UserControllerTest" time="0.017"/>
  <testcase name="changePasswordTest" classname="backend.controller.UserControllerTest" time="0.008"/>
  <testcase name="signUpWithGoogleTest" classname="backend.controller.UserControllerTest" time="0.058"/>
  <testcase name="getOutlookTokennotWorkingTest" classname="backend.controller.UserControllerTest" time="0.008"/>
  <testcase name="givenWac_whenServletContext_thenItProvidesuserController" classname="backend.controller.UserControllerTest" time="0.006"/>
  <testcase name="getEventsTest" classname="backend.controller.UserControllerTest" time="0.741"/>
  <testcase name="gettalleventsTest" classname="backend.controller.UserControllerTest" time="0.013"/>
  <testcase name="deleteEventTest" classname="backend.controller.UserControllerTest" time="0.02"/>
  <testcase name="notissubscripedRepoTest" classname="backend.controller.UserControllerTest" time="0.011"/>
  <testcase name="notisConnectedtoTest" classname="backend.controller.UserControllerTest" time="0.006"/>
  <testcase name="changePasswordFailTest" classname="backend.controller.UserControllerTest" time="0.01"/>
  <testcase name="issubscripedRepoTest" classname="backend.controller.UserControllerTest" time="0.014"/>
  <testcase name="unsubscribeUserTest" classname="backend.controller.UserControllerTest" time="0.01"/>
  <testcase name="signUpTestWithSameUserExist" classname="backend.controller.UserControllerTest" time="0.013"/>
</testsuite>